<?xml version="1.0" encoding="UTF-8"?>
<testsuite xmlns:xsi="http://www.w3.org/2001/XMLSchema-instance" xsi:noNamespaceSchemaLocation="https://maven.apache.org/surefire/maven-surefire-plugin/xsd/surefire-test-report.xsd" version="3.0.2" name="com.gs.DiscoveryServerApplicationTests" time="15.479" tests="1" errors="0" skipped="0" failures="0">
  <properties>
[...]
</properties>
  <testcase name="contextLoads" classname="com.gs.DiscoveryServerApplicationTests" time="0.887">
    <system-out><![CDATA[03:56:41.434 [main] INFO org.springframework.test.context.support.AnnotationConfigContextLoaderUtils -- Could not detect default configuration classes for test class [com.gs.DiscoveryServerApplicationTests]: DiscoveryServerApplicationTests does not declare any static, non-private, non-final, nested classes annotated with @Configuration.
03:56:41.680 [main] INFO org.springframework.boot.test.context.SpringBootTestContextBootstrapper -- Found @SpringBootConfiguration com.gs.DiscoveryServerApplication for test class com.gs.DiscoveryServerApplicationTests

  .   ____          _            __ _ _
 /\\ / ___'_ __ _ _(_)_ __  __ _ \ \ \ \
( ( )\___ | '_ | '_| | '_ \/ _` | \ \ \ \
 \\/  ___)| |_)| | | | | || (_| |  ) ) ) )
  '  |____| .__|_| |_|_| |_\__, | / / / /
 =========|_|==============|___/=/_/_/_/

 :: Spring Boot ::                (v3.5.3)

2025-07-21T03:56:43.692Z  INFO [traceId=,spanId=] 5155 --- [DiscoveryServerApplication] [           main] [                                                 ] com.gs.DiscoveryServerApplicationTests   : Starting DiscoveryServerApplicationTests using Java 21.0.7 with PID 5155 (started by codespace in /workspaces/loan-processing-platform/discovery-server)
2025-07-21T03:56:43.713Z DEBUG [traceId=,spanId=] 5155 --- [DiscoveryServerApplication] [           main] [                                                 ] com.gs.DiscoveryServerApplicationTests   : Running with Spring Boot v3.5.3, Spring v6.2.8
2025-07-21T03:56:43.715Z  INFO [traceId=,spanId=] 5155 --- [DiscoveryServerApplication] [           main] [                                                 ] com.gs.DiscoveryServerApplicationTests   : No active profile set, falling back to 1 default profile: "default"
2025-07-21T03:56:48.853Z  INFO [traceId=,spanId=] 5155 --- [DiscoveryServerApplication] [           main] [                                                 ] o.s.cloud.context.scope.GenericScope     : BeanFactory id=32b58058-e0d7-3827-a1ec-99373438eb27
2025-07-21T03:56:50.315Z  INFO [traceId=,spanId=] 5155 --- [DiscoveryServerApplication] [           main] [                                                 ] o.s.v.b.OptionalValidatorFactoryBean     : Failed to set up a Bean Validation provider: jakarta.validation.NoProviderFoundException: Unable to create a Configuration, because no Jakarta Bean Validation provider could be found. Add a provider like Hibernate Validator (RI) to your classpath.
2025-07-21T03:56:54.421Z  WARN [traceId=,spanId=] 5155 --- [DiscoveryServerApplication] [           main] [                                                 ] iguration$LoadBalancerCaffeineWarnLogger : Spring Cloud LoadBalancer is currently working with the default cache. While this cache implementation is useful for development and tests, it's recommended to use Caffeine cache in production.You can switch to using Caffeine cache, by adding it and org.springframework.cache.caffeine.CaffeineCacheManager to the classpath.
2025-07-21T03:56:54.729Z  INFO [traceId=,spanId=] 5155 --- [DiscoveryServerApplication] [           main] [                                                 ] o.s.c.n.eureka.InstanceInfoFactory       : Setting initial instance status as: STARTING
2025-07-21T03:56:54.750Z  INFO [traceId=,spanId=] 5155 --- [DiscoveryServerApplication] [           main] [                                                 ] com.netflix.discovery.DiscoveryClient    : Initializing Eureka in region us-east-1
2025-07-21T03:56:54.751Z  INFO [traceId=,spanId=] 5155 --- [DiscoveryServerApplication] [           main] [                                                 ] com.netflix.discovery.DiscoveryClient    : Client configured to neither register nor query for data.
2025-07-21T03:56:54.753Z  INFO [traceId=,spanId=] 5155 --- [DiscoveryServerApplication] [           main] [                                                 ] com.netflix.discovery.DiscoveryClient    : Discovery Client initialized at timestamp 1753070214752 with initial instances count: 0
2025-07-21T03:56:54.806Z  INFO [traceId=,spanId=] 5155 --- [DiscoveryServerApplication] [           main] [                                                 ] c.n.eureka.DefaultEurekaServerContext    : Initializing ...
2025-07-21T03:56:54.808Z  INFO [traceId=,spanId=] 5155 --- [DiscoveryServerApplication] [           main] [                                                 ] c.n.eureka.cluster.PeerEurekaNodes       : Adding new peer nodes [http://localhost:8761/eureka/]
2025-07-21T03:56:54.970Z  INFO [traceId=,spanId=] 5155 --- [DiscoveryServerApplication] [           main] [                                                 ] c.n.d.provider.DiscoveryJerseyProvider   : Using JSON encoding codec LegacyJacksonJson
2025-07-21T03:56:54.971Z  INFO [traceId=,spanId=] 5155 --- [DiscoveryServerApplication] [           main] [                                                 ] c.n.d.provider.DiscoveryJerseyProvider   : Using JSON decoding codec LegacyJacksonJson
2025-07-21T03:56:54.972Z  INFO [traceId=,spanId=] 5155 --- [DiscoveryServerApplication] [           main] [                                                 ] c.n.d.provider.DiscoveryJerseyProvider   : Using XML encoding codec XStreamXml
2025-07-21T03:56:54.973Z  INFO [traceId=,spanId=] 5155 --- [DiscoveryServerApplication] [           main] [                                                 ] c.n.d.provider.DiscoveryJerseyProvider   : Using XML decoding codec XStreamXml
2025-07-21T03:56:55.206Z  INFO [traceId=,spanId=] 5155 --- [DiscoveryServerApplication] [           main] [                                                 ] c.n.eureka.cluster.PeerEurekaNodes       : Replica node URL:  http://localhost:8761/eureka/
2025-07-21T03:56:55.231Z  INFO [traceId=,spanId=] 5155 --- [DiscoveryServerApplication] [           main] [                                                 ] c.n.e.registry.AbstractInstanceRegistry  : Finished initializing remote region registries. All known remote regions: []
2025-07-21T03:56:55.232Z  INFO [traceId=,spanId=] 5155 --- [DiscoveryServerApplication] [           main] [                                                 ] c.n.eureka.DefaultEurekaServerContext    : Initialized
2025-07-21T03:56:55.429Z  INFO [traceId=,spanId=] 5155 --- [DiscoveryServerApplication] [           main] [                                                 ] o.s.b.a.e.web.EndpointLinksResolver      : Exposing 1 endpoint beneath base path '/actuator'
2025-07-21T03:56:55.503Z  INFO [traceId=,spanId=] 5155 --- [DiscoveryServerApplication] [           main] [                                                 ] o.s.c.n.e.s.EurekaServiceRegistry        : Registering application DISCOVERYSERVERAPPLICATION with eureka with status UP
2025-07-21T03:56:55.531Z  INFO [traceId=,spanId=] 5155 --- [DiscoveryServerApplication] [      Thread-10] [                                                 ] o.s.c.n.e.server.EurekaServerBootstrap   : isAws returned false
2025-07-21T03:56:55.535Z  INFO [traceId=,spanId=] 5155 --- [DiscoveryServerApplication] [      Thread-10] [                                                 ] o.s.c.n.e.server.EurekaServerBootstrap   : Initialized server context
2025-07-21T03:56:55.536Z  INFO [traceId=,spanId=] 5155 --- [DiscoveryServerApplication] [      Thread-10] [                                                 ] c.n.e.r.PeerAwareInstanceRegistryImpl    : Got 1 instances from neighboring DS node
2025-07-21T03:56:55.536Z  INFO [traceId=,spanId=] 5155 --- [DiscoveryServerApplication] [      Thread-10] [                                                 ] c.n.e.r.PeerAwareInstanceRegistryImpl    : Renew threshold is: 1
2025-07-21T03:56:55.536Z  INFO [traceId=,spanId=] 5155 --- [DiscoveryServerApplication] [      Thread-10] [                                                 ] c.n.e.r.PeerAwareInstanceRegistryImpl    : Changing status to UP
2025-07-21T03:56:55.541Z  INFO [traceId=,spanId=] 5155 --- [DiscoveryServerApplication] [      Thread-10] [                                                 ] e.s.EurekaServerInitializerConfiguration : Started Eureka Server
2025-07-21T03:56:55.551Z  INFO [traceId=,spanId=] 5155 --- [DiscoveryServerApplication] [           main] [                                                 ] com.gs.DiscoveryServerApplicationTests   : Started DiscoveryServerApplicationTests in 12.955 seconds (process running for 15.925)
]]></system-out>
    <system-err><![CDATA[Mockito is currently self-attaching to enable the inline-mock-maker. This will no longer work in future releases of the JDK. Please add Mockito as an agent to your build as described in Mockito's documentation: https://javadoc.io/doc/org.mockito/mockito-core/latest/org.mockito/org/mockito/Mockito.html#0.3
WARNING: A Java agent has been loaded dynamically (/home/codespace/.m2/repository/net/bytebuddy/byte-buddy-agent/1.17.6/byte-buddy-agent-1.17.6.jar)
WARNING: If a serviceability tool is in use, please run with -XX:+EnableDynamicAgentLoading to hide this warning
WARNING: If a serviceability tool is not in use, please run with -Djdk.instrument.traceUsage for more information
WARNING: Dynamic loading of agents will be disallowed by default in a future release
]]></system-err>
  </testcase>
</testsuite>