<?xml version="1.0" encoding="UTF-8"?>
<testsuite xmlns:xsi="http://www.w3.org/2001/XMLSchema-instance" xsi:noNamespaceSchemaLocation="https://maven.apache.org/surefire/maven-surefire-plugin/xsd/surefire-test-report.xsd" version="3.0.2" name="com.gs.notification_service.NotificationListenerTest" time="8.58" tests="1" errors="0" skipped="0" failures="0">
  <properties>
[...]
</properties>
  <testcase name="testLoanStatusEmailSent" classname="com.gs.notification_service.NotificationListenerTest" time="0.54">
    <system-out><![CDATA[17:08:05.801 [main] INFO org.springframework.test.context.support.AnnotationConfigContextLoaderUtils -- Could not detect default configuration classes for test class [com.gs.notification_service.NotificationListenerTest]: NotificationListenerTest does not declare any static, non-private, non-final, nested classes annotated with @Configuration.
17:08:06.042 [main] INFO org.springframework.boot.test.context.SpringBootTestContextBootstrapper -- Found @SpringBootConfiguration com.gs.NotificationServiceApplication for test class com.gs.notification_service.NotificationListenerTest

  .   ____          _            __ _ _
 /\\ / ___'_ __ _ _(_)_ __  __ _ \ \ \ \
( ( )\___ | '_ | '_| | '_ \/ _` | \ \ \ \
 \\/  ___)| |_)| | | | | || (_| |  ) ) ) )
  '  |____| .__|_| |_|_| |_\__, | / / / /
 =========|_|==============|___/=/_/_/_/

 :: Spring Boot ::                (v3.5.3)

2025-07-16T17:08:07.301Z  INFO 97560 --- [notification-service] [           main] c.g.n.NotificationListenerTest           : Starting NotificationListenerTest using Java 21.0.7 with PID 97560 (started by codespace in /workspaces/loan-processing-platform/notification-service)
2025-07-16T17:08:07.304Z  INFO 97560 --- [notification-service] [           main] c.g.n.NotificationListenerTest           : No active profile set, falling back to 1 default profile: "default"
2025-07-16T17:08:08.808Z  INFO 97560 --- [notification-service] [           main] o.s.cloud.context.scope.GenericScope     : BeanFactory id=a03bccab-8b25-3ab0-8e2d-37843e815299
2025-07-16T17:08:11.111Z  INFO 97560 --- [notification-service] [           main] o.s.c.openfeign.FeignClientFactoryBean   : For 'user-service' URL not provided. Will try picking an instance via load-balancing.
2025-07-16T17:08:12.452Z  INFO 97560 --- [notification-service] [           main] DiscoveryClientOptionalArgsConfiguration : Eureka HTTP Client uses RestTemplate.
2025-07-16T17:08:12.644Z  INFO 97560 --- [notification-service] [           main] o.s.c.n.eureka.InstanceInfoFactory       : Setting initial instance status as: STARTING
2025-07-16T17:08:12.671Z  INFO 97560 --- [notification-service] [           main] com.netflix.discovery.DiscoveryClient    : Initializing Eureka in region us-east-1
2025-07-16T17:08:12.677Z  INFO 97560 --- [notification-service] [           main] c.n.d.s.r.aws.ConfigClusterResolver      : Resolving eureka endpoints via configuration
2025-07-16T17:08:12.687Z  INFO 97560 --- [notification-service] [           main] com.netflix.discovery.DiscoveryClient    : Disable delta property : false
2025-07-16T17:08:12.687Z  INFO 97560 --- [notification-service] [           main] com.netflix.discovery.DiscoveryClient    : Single vip registry refresh property : null
2025-07-16T17:08:12.688Z  INFO 97560 --- [notification-service] [           main] com.netflix.discovery.DiscoveryClient    : Force full registry fetch : false
2025-07-16T17:08:12.688Z  INFO 97560 --- [notification-service] [           main] com.netflix.discovery.DiscoveryClient    : Application is null : false
2025-07-16T17:08:12.688Z  INFO 97560 --- [notification-service] [           main] com.netflix.discovery.DiscoveryClient    : Registered Applications size is zero : true
2025-07-16T17:08:12.688Z  INFO 97560 --- [notification-service] [           main] com.netflix.discovery.DiscoveryClient    : Application version is -1: true
2025-07-16T17:08:12.688Z  INFO 97560 --- [notification-service] [           main] com.netflix.discovery.DiscoveryClient    : Getting all instance registry info from the eureka server
2025-07-16T17:08:13.205Z  INFO 97560 --- [notification-service] [           main] com.netflix.discovery.DiscoveryClient    : The response status is 200
2025-07-16T17:08:13.207Z  INFO 97560 --- [notification-service] [           main] com.netflix.discovery.DiscoveryClient    : Starting heartbeat executor: renew interval is: 30
2025-07-16T17:08:13.209Z  INFO 97560 --- [notification-service] [           main] c.n.discovery.InstanceInfoReplicator     : InstanceInfoReplicator onDemand update allowed rate per min is 4
2025-07-16T17:08:13.210Z  INFO 97560 --- [notification-service] [           main] com.netflix.discovery.DiscoveryClient    : Discovery Client initialized at timestamp 1752685693210 with initial instances count: 0
2025-07-16T17:08:13.214Z  INFO 97560 --- [notification-service] [           main] o.s.c.n.e.s.EurekaServiceRegistry        : Registering application NOTIFICATION-SERVICE with eureka with status UP
2025-07-16T17:08:13.215Z  INFO 97560 --- [notification-service] [           main] com.netflix.discovery.DiscoveryClient    : Saw local status change event StatusChangeEvent [timestamp=1752685693215, current=UP, previous=STARTING]
2025-07-16T17:08:13.216Z  INFO 97560 --- [notification-service] [foReplicator-%d] com.netflix.discovery.DiscoveryClient    : DiscoveryClient_NOTIFICATION-SERVICE/e89fb39e-7418-48f0-940d-07df078b06fe.internal.cloudapp.net:notification-service:8085: registering service...
2025-07-16T17:08:13.320Z  INFO 97560 --- [notification-service] [foReplicator-%d] com.netflix.discovery.DiscoveryClient    : DiscoveryClient_NOTIFICATION-SERVICE/e89fb39e-7418-48f0-940d-07df078b06fe.internal.cloudapp.net:notification-service:8085 - registration status: 204
2025-07-16T17:08:13.322Z  INFO 97560 --- [notification-service] [           main] o.a.k.clients.consumer.ConsumerConfig    : ConsumerConfig values: 
	allow.auto.create.topics = true
	auto.commit.interval.ms = 5000
	auto.include.jmx.reporter = true
	auto.offset.reset = latest
	bootstrap.servers = [localhost:9092]
	check.crcs = true
	client.dns.lookup = use_all_dns_ips
	client.id = consumer-notification-group-1
	client.rack = 
	connections.max.idle.ms = 540000
	default.api.timeout.ms = 60000
	enable.auto.commit = false
	enable.metrics.push = true
	exclude.internal.topics = true
	fetch.max.bytes = 52428800
	fetch.max.wait.ms = 500
	fetch.min.bytes = 1
	group.id = notification-group
	group.instance.id = null
	group.protocol = classic
	group.remote.assignor = null
	heartbeat.interval.ms = 3000
	interceptor.classes = []
	internal.leave.group.on.close = true
	internal.throw.on.fetch.stable.offset.unsupported = false
	isolation.level = read_uncommitted
	key.deserializer = class org.apache.kafka.common.serialization.StringDeserializer
	max.partition.fetch.bytes = 1048576
	max.poll.interval.ms = 300000
	max.poll.records = 500
	metadata.max.age.ms = 300000
	metadata.recovery.strategy = none
	metric.reporters = []
	metrics.num.samples = 2
	metrics.recording.level = INFO
	metrics.sample.window.ms = 30000
	partition.assignment.strategy = [class org.apache.kafka.clients.consumer.RangeAssignor, class org.apache.kafka.clients.consumer.CooperativeStickyAssignor]
	receive.buffer.bytes = 65536
	reconnect.backoff.max.ms = 1000
	reconnect.backoff.ms = 50
	request.timeout.ms = 30000
	retry.backoff.max.ms = 1000
	retry.backoff.ms = 100
	sasl.client.callback.handler.class = null
	sasl.jaas.config = null
	sasl.kerberos.kinit.cmd = /usr/bin/kinit
	sasl.kerberos.min.time.before.relogin = 60000
	sasl.kerberos.service.name = null
	sasl.kerberos.ticket.renew.jitter = 0.05
	sasl.kerberos.ticket.renew.window.factor = 0.8
	sasl.login.callback.handler.class = null
	sasl.login.class = null
	sasl.login.connect.timeout.ms = null
	sasl.login.read.timeout.ms = null
	sasl.login.refresh.buffer.seconds = 300
	sasl.login.refresh.min.period.seconds = 60
	sasl.login.refresh.window.factor = 0.8
	sasl.login.refresh.window.jitter = 0.05
	sasl.login.retry.backoff.max.ms = 10000
	sasl.login.retry.backoff.ms = 100
	sasl.mechanism = GSSAPI
	sasl.oauthbearer.clock.skew.seconds = 30
	sasl.oauthbearer.expected.audience = null
	sasl.oauthbearer.expected.issuer = null
	sasl.oauthbearer.header.urlencode = false
	sasl.oauthbearer.jwks.endpoint.refresh.ms = 3600000
	sasl.oauthbearer.jwks.endpoint.retry.backoff.max.ms = 10000
	sasl.oauthbearer.jwks.endpoint.retry.backoff.ms = 100
	sasl.oauthbearer.jwks.endpoint.url = null
	sasl.oauthbearer.scope.claim.name = scope
	sasl.oauthbearer.sub.claim.name = sub
	sasl.oauthbearer.token.endpoint.url = null
	security.protocol = PLAINTEXT
	security.providers = null
	send.buffer.bytes = 131072
	session.timeout.ms = 45000
	socket.connection.setup.timeout.max.ms = 30000
	socket.connection.setup.timeout.ms = 10000
	ssl.cipher.suites = null
	ssl.enabled.protocols = [TLSv1.2, TLSv1.3]
	ssl.endpoint.identification.algorithm = https
	ssl.engine.factory.class = null
	ssl.key.password = null
	ssl.keymanager.algorithm = SunX509
	ssl.keystore.certificate.chain = null
	ssl.keystore.key = null
	ssl.keystore.location = null
	ssl.keystore.password = null
	ssl.keystore.type = JKS
	ssl.protocol = TLSv1.3
	ssl.provider = null
	ssl.secure.random.implementation = null
	ssl.trustmanager.algorithm = PKIX
	ssl.truststore.certificates = null
	ssl.truststore.location = null
	ssl.truststore.password = null
	ssl.truststore.type = JKS
	value.deserializer = class org.springframework.kafka.support.serializer.JsonDeserializer

2025-07-16T17:08:13.373Z  INFO 97560 --- [notification-service] [           main] o.a.k.c.t.i.KafkaMetricsCollector        : initializing Kafka metrics collector
2025-07-16T17:08:13.620Z  INFO 97560 --- [notification-service] [           main] o.a.k.clients.consumer.ConsumerConfig    : These configurations '[spring.json.trusted.packages, spring.json.value.default.type]' were supplied but are not used yet.
2025-07-16T17:08:13.622Z  INFO 97560 --- [notification-service] [           main] o.a.kafka.common.utils.AppInfoParser     : Kafka version: 3.9.1
2025-07-16T17:08:13.622Z  INFO 97560 --- [notification-service] [           main] o.a.kafka.common.utils.AppInfoParser     : Kafka commitId: f745dfdcee2b9851
2025-07-16T17:08:13.622Z  INFO 97560 --- [notification-service] [           main] o.a.kafka.common.utils.AppInfoParser     : Kafka startTimeMs: 1752685693621
2025-07-16T17:08:13.627Z  INFO 97560 --- [notification-service] [           main] o.a.k.c.c.i.ClassicKafkaConsumer         : [Consumer clientId=consumer-notification-group-1, groupId=notification-group] Subscribed to topic(s): loan-status-events
2025-07-16T17:08:13.666Z  INFO 97560 --- [notification-service] [           main] c.g.n.NotificationListenerTest           : Started NotificationListenerTest in 6.857 seconds (process running for 9.063)
2025-07-16T17:08:14.026Z  WARN 97560 --- [notification-service] [           main] o.s.c.l.core.RoundRobinLoadBalancer      : No servers available for service: user-service
2025-07-16T17:08:14.034Z  WARN 97560 --- [notification-service] [           main] RetryableFeignBlockingLoadBalancerClient : Service instance was not resolved, executing the original request
2025-07-16T17:08:14.179Z  WARN 97560 --- [notification-service] [           main] o.s.c.l.core.RoundRobinLoadBalancer      : No servers available for service: user-service
2025-07-16T17:08:14.179Z  WARN 97560 --- [notification-service] [           main] RetryableFeignBlockingLoadBalancerClient : Service instance was not resolved, executing the original request
]]></system-out>
    <system-err><![CDATA[Mockito is currently self-attaching to enable the inline-mock-maker. This will no longer work in future releases of the JDK. Please add Mockito as an agent to your build as described in Mockito's documentation: https://javadoc.io/doc/org.mockito/mockito-core/latest/org.mockito/org/mockito/Mockito.html#0.3
WARNING: A Java agent has been loaded dynamically (/home/codespace/.m2/repository/net/bytebuddy/byte-buddy-agent/1.17.6/byte-buddy-agent-1.17.6.jar)
WARNING: If a serviceability tool is in use, please run with -XX:+EnableDynamicAgentLoading to hide this warning
WARNING: If a serviceability tool is not in use, please run with -Djdk.instrument.traceUsage for more information
WARNING: Dynamic loading of agents will be disallowed by default in a future release
❌ Failed to send notification: user-service executing GET http://user-service/users/info/cust123
]]></system-err>
  </testcase>
</testsuite>